C:\Program Files (x86)\Microsoft Visual Studio\2017\Community\Common7\IDE\VC\VCTargets\Microsoft.CppBuild.targets(391,5): warning MSB8028: 중간 디렉터리(x64\Debug\)에 다른 프로젝트(Grid-Game.vcxproj, OpenCV2 Example.vcxproj)에서 공유하는 파일이 포함되어 있습니다.  이로 인해 잘못된 정리 및 다시 빌드 동작이 수행될 수 있습니다.
  DXUT.cpp
c:\users\root\desktop\grid-game\opencv\dxut\core\dxut.h(11): fatal error C1189: #error:  "DXUT requires a Unicode build."
  DXUTenum.cpp
c:\users\root\desktop\grid-game\opencv\dxut\core\dxut.h(11): fatal error C1189: #error:  "DXUT requires a Unicode build."
  DXUTmisc.cpp
c:\users\root\desktop\grid-game\opencv\dxut\core\dxut.h(11): fatal error C1189: #error:  "DXUT requires a Unicode build."
  DXUTcamera.cpp
c:\users\root\desktop\grid-game\opencv\dxut\optional\dxutcamera.cpp(6): fatal error C1083: 포함 파일을 열 수 없습니다. 'DXUT.h': No such file or directory
  DXUTgui.cpp
c:\users\root\desktop\grid-game\opencv\dxut\optional\dxutgui.cpp(6): fatal error C1083: 포함 파일을 열 수 없습니다. 'DXUT.h': No such file or directory
  DXUTres.cpp
c:\users\root\desktop\grid-game\opencv\dxut\optional\dxutres.cpp(6): fatal error C1083: 포함 파일을 열 수 없습니다. 'DXUT.h': No such file or directory
  DXUTsettingsdlg.cpp
c:\users\root\desktop\grid-game\opencv\dxut\optional\dxutsettingsdlg.cpp(8): fatal error C1083: 포함 파일을 열 수 없습니다. 'DXUT.h': No such file or directory
  SDKmesh.cpp
c:\users\root\desktop\grid-game\opencv\dxut\optional\sdkmesh.cpp(11): fatal error C1083: 포함 파일을 열 수 없습니다. 'DXUT.h': No such file or directory
  SDKmisc.cpp
c:\users\root\desktop\grid-game\opencv\dxut\optional\sdkmisc.cpp(8): fatal error C1083: 포함 파일을 열 수 없습니다. 'dxut.h': No such file or directory
  SDKsound.cpp
c:\users\root\desktop\grid-game\opencv\dxut\optional\sdksound.cpp(11): fatal error C1083: 포함 파일을 열 수 없습니다. 'DXUT.h': No such file or directory
  SDKwavefile.cpp
c:\users\root\desktop\grid-game\opencv\dxut\optional\sdkwavefile.cpp(12): fatal error C1083: 포함 파일을 열 수 없습니다. 'DXUT.h': No such file or directory
  main.cpp
c:\users\root\desktop\grid-game\opencv\main.cpp(2): fatal error C1083: 포함 파일을 열 수 없습니다. 'DXUT.h': No such file or directory
  코드를 생성하고 있습니다...
