  main.cpp
c:\users\root\desktop\grid-game\dx10\main.cpp(279): warning C4244: '인수': 'int'에서 'float'(으)로 변환하면서 데이터가 손실될 수 있습니다.
c:\users\root\desktop\grid-game\dx10\main.cpp(274): warning C4189: 'stat_map': 지역 변수가 초기화되었으나 참조되지 않았습니다.
c:\users\root\desktop\grid-game\dx10\main.cpp(265): warning C4189: 'maximum': 지역 변수가 초기화되었으나 참조되지 않았습니다.
c:\users\root\desktop\grid-game\dx10\main.cpp(384): warning C4244: '인수': 'WPARAM'에서 'int'(으)로 변환하면서 데이터가 손실될 수 있습니다.
c:\program files (x86)\microsoft visual studio\2017\community\vc\tools\msvc\14.16.27023\include\type_traits(16707566): warning C4244: 'return': 'int'에서 '_Rx'(으)로 변환하면서 데이터가 손실될 수 있습니다.
          with
          [
              _Rx=float
          ]
  c:\program files (x86)\microsoft visual studio\2017\community\vc\tools\msvc\14.16.27023\include\functional(15732480): note: 컴파일 중인 함수 템플릿 인스턴스화 '_Rx std::_Invoker_ret<_Rx,false>::_Call<_Callable&,_Ty>(_Callable &,_Ty &&)'에 대한 참조를 확인하십시오.
          with
          [
              _Rx=float,
              _Callable=Game::StageDraw::<lambda_a42e8f2fd2d26c3640ca752f48f03adb>,
              _Ty=Block *
          ]
  c:\program files (x86)\microsoft visual studio\2017\community\vc\tools\msvc\14.16.27023\include\functional(16707566): note: 컴파일 중인 함수 템플릿 인스턴스화 '_Rx std::_Invoker_ret<_Rx,false>::_Call<_Callable&,_Ty>(_Callable &,_Ty &&)'에 대한 참조를 확인하십시오.
          with
          [
              _Rx=float,
              _Callable=Game::StageDraw::<lambda_a42e8f2fd2d26c3640ca752f48f03adb>,
              _Ty=Block *
          ]
  c:\program files (x86)\microsoft visual studio\2017\community\vc\tools\msvc\14.16.27023\include\functional(15732480): note: 클래스 템플릿 멤버 함수 '_Rx std::_Func_impl_no_alloc<Game::StageDraw::<lambda_a42e8f2fd2d26c3640ca752f48f03adb>,_Rx,Block *>::_Do_call(Block *&&)'을(를) 컴파일하고 있습니다.
          with
          [
              _Rx=float
          ]
  c:\program files (x86)\microsoft visual studio\2017\community\vc\tools\msvc\14.16.27023\include\functional(1061): note: 컴파일 중인 클래스 템플릿 인스턴스화 'std::_Func_impl_no_alloc<Game::StageDraw::<lambda_a42e8f2fd2d26c3640ca752f48f03adb>,_Ret,Block *>'에 대한 참조를 확인하세요.
          with
          [
              _Ret=float
          ]
  c:\program files (x86)\microsoft visual studio\2017\community\vc\tools\msvc\14.16.27023\include\functional(1313): note: 컴파일 중인 클래스 템플릿 인스턴스화 'std::_Is_large<_Impl>'에 대한 참조를 확인하세요.
  c:\program files (x86)\microsoft visual studio\2017\community\vc\tools\msvc\14.16.27023\include\functional(1502): note: 컴파일 중인 함수 템플릿 인스턴스화 'void std::_Func_class<_Ret,Block *>::_Reset<Game::StageDraw::<lambda_a42e8f2fd2d26c3640ca752f48f03adb>>(_Fx &&)'에 대한 참조를 확인하십시오.
          with
          [
              _Ret=float,
              _Fx=Game::StageDraw::<lambda_a42e8f2fd2d26c3640ca752f48f03adb>
          ]
  c:\program files (x86)\microsoft visual studio\2017\community\vc\tools\msvc\14.16.27023\include\functional(1502): note: 컴파일 중인 함수 템플릿 인스턴스화 'void std::_Func_class<_Ret,Block *>::_Reset<Game::StageDraw::<lambda_a42e8f2fd2d26c3640ca752f48f03adb>>(_Fx &&)'에 대한 참조를 확인하십시오.
          with
          [
              _Ret=float,
              _Fx=Game::StageDraw::<lambda_a42e8f2fd2d26c3640ca752f48f03adb>
          ]
  c:\users\root\desktop\grid-game\dx10\main.cpp(277): note: 컴파일 중인 함수 템플릿 인스턴스화 'std::function<float (Block *)>::function<Game::StageDraw::<lambda_a42e8f2fd2d26c3640ca752f48f03adb>,void>(_Fx)'에 대한 참조를 확인하십시오.
          with
          [
              _Fx=Game::StageDraw::<lambda_a42e8f2fd2d26c3640ca752f48f03adb>
          ]
  c:\users\root\desktop\grid-game\dx10\main.cpp(277): note: 컴파일 중인 함수 템플릿 인스턴스화 'std::function<float (Block *)>::function<Game::StageDraw::<lambda_a42e8f2fd2d26c3640ca752f48f03adb>,void>(_Fx)'에 대한 참조를 확인하십시오.
          with
          [
              _Fx=Game::StageDraw::<lambda_a42e8f2fd2d26c3640ca752f48f03adb>
          ]
  코드를 생성하고 있습니다.
  71 of 2616 functions ( 2.7%) were compiled, the rest were copied from previous compilation.
    69 functions were new in current compilation
    5 functions had inline decision re-evaluated but remain unchanged
  코드를 생성했습니다.
  Grid-Game_2010.vcxproj -> C:\Users\ROOT\Desktop\Grid-Game\x64\Release\Grid-Game(DX10).exe
